This is pdfeTeX, Version 3.141592-1.21a-2.2 (Web2C 7.5.4) (format=latex 2006.11.27)  24 SEP 2007 16:10
entering extended mode
**NeXusOBJ.tex
(./NeXusOBJ.tex
LaTeX2e <2003/12/01>
Babel <v3.8d> and hyphenation patterns for american, french, german, ngerman, b
ahasa, basque, bulgarian, catalan, croatian, czech, danish, dutch, esperanto, e
stonian, finnish, greek, icelandic, irish, italian, latin, magyar, norsk, polis
h, portuges, romanian, russian, serbian, slovak, slovene, spanish, swedish, tur
kish, ukrainian, nohyphenation, loaded.
(/home/koenneck/psi/prosper/prosper.cls
Document Class: prosper 2001/01/23, v. 1.1
(c) 2000 Frederic Goualard, CWI, The Netherlands
CVSId: $Id: prosper.cls,v 1.5 2001/01/31 10:20:44 exupery Exp $
 
(/usr/share/texmf/tex/latex/seminar/seminar.cls
Document Class: seminar 1997/10/13, 1.4
Document Style: `seminar' v1.4 <1997/10/13> (tvz)
\slidewidth=\dimen102
\slideheight=\dimen103
\footheight=\dimen104
(/usr/share/texmf/tex/latex/base/article.cls
Document Class: article 2004/02/16 v1.4f Standard LaTeX document class
(/usr/share/texmf/tex/latex/base/leqno.clo
File: leqno.clo 1998/08/17 v1.1c Standard LaTeX option (left equation numbers)
)
(/usr/share/texmf/tex/latex/base/size10.clo
File: size10.clo 2004/02/16 v1.4f Standard LaTeX file (size option)
)
\c@part=\count79
\c@section=\count80
\c@subsection=\count81
\c@subsubsection=\count82
\c@paragraph=\count83
\c@subparagraph=\count84
\c@figure=\count85
\c@table=\count86
\abovecaptionskip=\skip41
\belowcaptionskip=\skip42
\bibindent=\dimen105
)
(/usr/share/texmf/tex/latex/seminar/sem-page.sty)
\before@document=\toks14
\after@document=\toks15
\before@enddocument=\toks16
\c@slide=\count87
\slide@count=\count88
\@slidebox=\box26
\not@slidebox=\box27
\slide@hook=\toks17
\after@slide=\toks18
\slide@footins=\insert233
\slide@listdepth=\count89
\saved@specials=\box28
\before@newslide=\toks19
\after@slidepage=\toks20
\slidesep=\skip43
\c@note=\count90
\slideframewidth=\dimen106
\slideframesep=\dimen107
\semin=\dimen108
\semcm=\dimen109
)
(/usr/share/texmf/tex/latex/seminar/seminar.con)
(/usr/share/texmf/tex/latex/seminar/semcolor.sty
Style Option: `semcolor' for doc style `seminar' 1.01 <2004/05/18> (tvz)
File: semcolor.sty 2004/05/18 v1.01 (tvz)
(/usr/share/texmf/tex/latex/pstricks/pstricks.sty
Package: pstricks 2004/05/12 v0.2l LaTeX wrapper for `PSTricks' (RN,HV)

(/usr/share/texmf/tex/generic/pstricks/pstricks.tex
`PSTricks' v1.04  <2004/06/22> (tvz)
\pst@dima=\dimen110
\pst@dimb=\dimen111
\pst@dimc=\dimen112
\pst@dimd=\dimen113
\pst@dimg=\dimen114
\pst@dimh=\dimen115
\pst@hbox=\box29
\pst@boxg=\box30
\pst@cnta=\count91
\pst@cntb=\count92
\pst@cntc=\count93
\pst@cntd=\count94
\pst@cntg=\count95
\pst@cnth=\count96
\pst@toks=\toks21
(/usr/share/texmf/tex/generic/pstricks/pstricks.con)
\psunit=\dimen116
\psxunit=\dimen117
\psyunit=\dimen118
\pslinewidth=\dimen119
\pst@customdefs=\toks22
\pslinearc=\dimen120
\everypsbox=\toks23
\psframesep=\dimen121
\pslabelsep=\dimen122
\theoverlaybox=\box31
)
File: pstricks.tex 2004/06/22 v1.04 `PSTricks' (tvz)

(/usr/share/texmf/tex/latex/xcolor/xcolor.sty
Package: xcolor 2004/07/04 v2.00 LaTeX color extensions (UK)

(/usr/share/texmf/tex/latex/graphics/color.cfg
File: color.cfg 2005/02/03 v1.3 color configuration of teTeX/TeXLive
)
Package xcolor Info: Package option `override' ignored on input line 128.
Package xcolor Info: Driver file: dvips.def on input line 136.

(/usr/share/texmf/tex/latex/graphics/dvips.def
File: dvips.def 1999/02/16 v3.0i Driver-dependant file (DPC,SPQR)
)
Package xcolor Info: Color model `cmy' added on input line 972.
Package xcolor Info: Color model `HTML' added on input line 1000.
Package xcolor Info: Color model `HSB' added on input line 1006.
Package xcolor Info: Color model `Gray' added on input line 1012.
)))
(/usr/share/texmf/tex/latex/seminar/semlayer.sty
\@@slidebox=\box32
\c@overlay=\count97
)
(/usr/share/texmf/tex/latex/graphics/graphicx.sty
Package: graphicx 1999/02/16 v1.0f Enhanced LaTeX Graphics (DPC,SPQR)

(/usr/share/texmf/tex/latex/graphics/keyval.sty
Package: keyval 1999/03/16 v1.13 key=value parser (DPC)
\KV@toks@=\toks24
)
(/usr/share/texmf/tex/latex/graphics/graphics.sty
Package: graphics 2001/07/07 v1.0n Standard LaTeX Graphics (DPC,SPQR)

(/usr/share/texmf/tex/latex/graphics/trig.sty
Package: trig 1999/03/16 v1.09 sin cos tan (DPC)
)
(/usr/share/texmf/tex/latex/graphics/graphics.cfg
File: graphics.cfg 2005/02/03 v1.3 graphics configuration of teTeX/TeXLive
)
Package graphics Info: Driver file: dvips.def on input line 80.
)
\Gin@req@height=\dimen123
\Gin@req@width=\dimen124
)
(/usr/share/texmf/tex/latex/hyperref/hyperref.sty
Package: hyperref 2003/11/30 v6.74m Hypertext links for LaTeX
\@linkdim=\dimen125
\Hy@linkcounter=\count98
\Hy@pagecounter=\count99

(/usr/share/texmf/tex/latex/hyperref/pd1enc.def
File: pd1enc.def 2003/11/30 v6.74m Hyperref: PDFDocEncoding definition (HO)
)
(/usr/share/texmf/tex/latex/hyperref/hyperref.cfg
File: hyperref.cfg 2005/03/07 hyperref configuration of teTeX 3.0
)
Package hyperref Info: Option `draft' set `true' on input line 1830.
Package hyperref Info: Option `bookmarks' set `true' on input line 1830.
Package hyperref Info: Option `pdffitwindow' set `true' on input line 1830.
Package hyperref Info: Option `pdfcenterwindow' set `true' on input line 1830.
Package hyperref Info: Hyper figures OFF on input line 1880.
Package hyperref Info: Link nesting OFF on input line 1885.
Package hyperref Info: Hyper index ON on input line 1888.
Package hyperref Info: Plain pages ON on input line 1893.
Package hyperref Info: Backreferencing OFF on input line 1900.

Implicit mode ON; LaTeX internals redefined
Package hyperref Info: Bookmarks ON on input line 2004.
(/usr/share/texmf/tex/latex/url/url.sty
\Urlmuskip=\muskip10
Package: url 2004/03/15  ver 3.1  Verb mode for urls, etc.
)
LaTeX Info: Redefining \url on input line 2143.
\Fld@menulength=\count100
\Field@Width=\dimen126
\Fld@charsize=\dimen127
\Choice@toks=\toks25
\Field@toks=\toks26
Package hyperref Info: Hyper figures OFF on input line 2618.
Package hyperref Info: Link nesting OFF on input line 2623.
Package hyperref Info: Hyper index ON on input line 2626.
Package hyperref Info: backreferencing OFF on input line 2633.
Package hyperref Info: Link coloring OFF on input line 2638.
\c@Item=\count101
\c@Hfootnote=\count102
)
*hyperref using driver hdvips*
(/usr/share/texmf/tex/latex/hyperref/hdvips.def
File: hdvips.def 2003/11/30 v6.74m Hyperref driver for dvips

(/usr/share/texmf/tex/latex/hyperref/pdfmark.def
File: pdfmark.def 2003/11/30 v6.74m Hyperref definitions for pdfmark specials
\pdf@docset=\toks27
\pdf@box=\box33
\pdf@toks=\toks28
\pdf@defaulttoks=\toks29
\Fld@listcount=\count103
\@outlinefile=\write3
))
(/usr/share/texmf/tex/latex/base/ifthen.sty
Package: ifthen 2001/05/26 v1.1c Standard LaTeX ifthen package (DPC)
)
\slideWidth=\skip44
\c@trueSlideCounter=\count104

(/home/koenneck/psi/prosper/PPRmark.sty
Package: PPRmark 2003/12/23

`Mark' style for prosper ---
(c) 2003 Mark Koennecke, after Eric Languénou, 2000
 
(/usr/share/texmf/tex/latex/seminar/semhelv.sty
Style Option: `semhelv' for the `seminar' doc style 1.4 <2000/05/08> (tvz)
Modified by Stefan (see source for details)
LaTeX Font Info:    Font shape `OT1/helvetica/m/n' will be
(Font)              scaled to size 8.20007pt on input line 176.
) (/usr/share/texmf/tex/latex/amsfonts/amssymb.sty
Package: amssymb 2002/01/22 v2.2d

(/usr/share/texmf/tex/latex/amsfonts/amsfonts.sty
Package: amsfonts 2001/10/25 v2.2f
\@emptytoks=\toks30
\symAMSa=\mathgroup4
\symAMSb=\mathgroup5
LaTeX Font Info:    Overwriting math alphabet `\mathfrak' in version `bold'
(Font)                  U/euf/m/n --> U/euf/b/n on input line 132.
))
(/usr/share/texmf/tex/latex/pstricks/pst-grad.sty
Package: pst-grad 2004/07/15 package wrapper for pst-grad.tex

(/usr/share/texmf/tex/generic/pstricks/pst-grad.tex  v1.04, 2004/06/24)
File: pst-grad.tex 2004/06/24 1.04 `pst-grad' (tvz)
))
\c@item@step=\count105
\c@overlay@page=\count106
\theoverlays=\box34
\c@overlaysCount=\count107
\c@limitOverlays=\count108
)
(./NeXusOBJ.aux)
\openout1 = `NeXusOBJ.aux'.

LaTeX Font Info:    Checking defaults for OML/cmm/m/it on input line 7.
LaTeX Font Info:    ... okay on input line 7.
LaTeX Font Info:    Checking defaults for T1/cmr/m/n on input line 7.
LaTeX Font Info:    ... okay on input line 7.
LaTeX Font Info:    Checking defaults for OT1/cmr/m/n on input line 7.
LaTeX Font Info:    ... okay on input line 7.
LaTeX Font Info:    Checking defaults for OMS/cmsy/m/n on input line 7.
LaTeX Font Info:    ... okay on input line 7.
LaTeX Font Info:    Checking defaults for OMX/cmex/m/n on input line 7.
LaTeX Font Info:    ... okay on input line 7.
LaTeX Font Info:    Checking defaults for U/cmr/m/n on input line 7.
LaTeX Font Info:    ... okay on input line 7.
LaTeX Font Info:    Checking defaults for PD1/pdf/m/n on input line 7.
LaTeX Font Info:    ... okay on input line 7.
Package hyperref Info: Link coloring OFF on input line 7.
 (/usr/share/texmf/tex/latex/hyperref/nameref.sty
Package: nameref 2003/12/03 v2.21 Cross-referencing by name of section
\c@section@level=\count109
)
LaTeX Info: Redefining \ref on input line 7.
LaTeX Info: Redefining \pageref on input line 7.

(./NeXusOBJ.out) (./NeXusOBJ.out)
\openout3 = `NeXusOBJ.out'.

LaTeX Font Info:    Font shape `OT1/helvetica/m/n' will be
(Font)              scaled to size 14.16972pt on input line 8.
LaTeX Font Info:    Font shape `OT1/helvetica/m/n' will be
(Font)              scaled to size 11.80809pt on input line 8.
LaTeX Font Info:    Try loading font information for T1+phv on input line 8.
 (/usr/share/texmf/tex/latex/psnfss/t1phv.fd
File: t1phv.fd 2001/06/04 scalable font definitions for T1/phv.
)
LaTeX Font Info:    Try loading font information for U+msa on input line 8.

(/usr/share/texmf/tex/latex/amsfonts/umsa.fd
File: umsa.fd 2002/01/19 v2.2g AMS font definitions
)
LaTeX Font Info:    Try loading font information for U+msb on input line 8.

(/usr/share/texmf/tex/latex/amsfonts/umsb.fd
File: umsb.fd 2002/01/19 v2.2g AMS font definitions
)
File: turkisbar.eps Graphic file (type eps)
 <turkisbar.eps>
File: ldmlogo.eps Graphic file (type eps)
 <ldmlogo.eps>
LaTeX Font Info:    Font shape `OT1/helvetica/m/n' will be
(Font)              scaled to size 5.74005pt on input line 8.
LaTeX Font Info:    Font shape `OT1/helvetica/m/n' will be
(Font)              scaled to size 4.10004pt on input line 8.

[1


]
File: greenbullet.eps Graphic file (type eps)
 <greenbullet.eps>
File: greenbullet.eps Graphic file (type eps)
 <greenbullet.eps>
File: greenbullet.eps Graphic file (type eps)
 <greenbullet.eps>
File: turkisbar.eps Graphic file (type eps)
 <turkisbar.eps>
File: ldmlogo.eps Graphic file (type eps)

<ldmlogo.eps> [2

]
File: greenbullet.eps Graphic file (type eps)
 <greenbullet.eps>
File: greenbullet.eps Graphic file (type eps)
 <greenbullet.eps>
File: polar.eps Graphic file (type eps)
 <polar.eps>
File: turkisbar.eps Graphic file (type eps)

<turkisbar.eps>
File: ldmlogo.eps Graphic file (type eps)
 <ldmlogo.eps> [3

]
File: greenbullet.eps Graphic file (type eps)
 <greenbullet.eps>
File: elevation.eps Graphic file (type eps)
 <elevation.eps>
File: greenbullet.eps Graphic file (type eps)

<greenbullet.eps>
File: turkisbar.eps Graphic file (type eps)
 <turkisbar.eps>
File: ldmlogo.eps Graphic file (type eps)
 <ldmlogo.eps> [4

]
File: greenbullet.eps Graphic file (type eps)
 <greenbullet.eps>
File: azimuthal.eps Graphic file (type eps)

<azimuthal.eps>
File: turkisbar.eps Graphic file (type eps)
 <turkisbar.eps>
File: ldmlogo.eps Graphic file (type eps)
 <ldmlogo.eps> [5

]
File: greenbullet.eps Graphic file (type eps)
 <greenbullet.eps>
File: mcstas.eps Graphic file (type eps)

<mcstas.eps>
File: turkisbar.eps Graphic file (type eps)
 <turkisbar.eps>
File: ldmlogo.eps Graphic file (type eps)
 <ldmlogo.eps> [6

]
File: nxmisc.eps Graphic file (type eps)
 <nxmisc.eps>
File: turkisbar.eps Graphic file (type eps)
 <turkisbar.eps>
File: ldmlogo.eps Graphic file (type eps)

<ldmlogo.eps> [7

]
File: nxpos.eps Graphic file (type eps)
 <nxpos.eps>
File: turkisbar.eps Graphic file (type eps)
 <turkisbar.eps>
File: ldmlogo.eps Graphic file (type eps)
 <ldmlogo.eps> [8

]
File: nxshape.eps Graphic file (type eps)
 <nxshape.eps>
File: turkisbar.eps Graphic file (type eps)

<turkisbar.eps>
File: ldmlogo.eps Graphic file (type eps)
 <ldmlogo.eps> [9

]
File: nxstage.eps Graphic file (type eps)
 <nxstage.eps>
File: turkisbar.eps Graphic file (type eps)
 <turkisbar.eps>
File: ldmlogo.eps Graphic file (type eps)
 <ldmlogo.eps>
[10

]
File: nxsource.eps Graphic file (type eps)
 <nxsource.eps>
File: turkisbar.eps Graphic file (type eps)
 <turkisbar.eps>
File: ldmlogo.eps Graphic file (type eps)
 <ldmlogo.eps> [11

]
File: nxpassivebeam.eps Graphic file (type eps)
 <nxpassivebeam.eps>
File: turkisbar.eps Graphic file (type eps)

<turkisbar.eps>
File: ldmlogo.eps Graphic file (type eps)
 <ldmlogo.eps> [12

]
File: nxactivebeam.eps Graphic file (type eps)
 <nxactivebeam.eps>
File: turkisbar.eps Graphic file (type eps)
 <turkisbar.eps>
File: ldmlogo.eps Graphic file (type eps)

<ldmlogo.eps> [13

]
File: nxmorebeam.eps Graphic file (type eps)
 <nxmorebeam.eps>
File: turkisbar.eps Graphic file (type eps)
 <turkisbar.eps>
File: ldmlogo.eps Graphic file (type eps)
 <ldmlogo.eps> [14

]
File: nxsample.eps Graphic file (type eps)

<nxsample.eps>
File: turkisbar.eps Graphic file (type eps)
 <turkisbar.eps>
File: ldmlogo.eps Graphic file (type eps)
 <ldmlogo.eps> [15

]
File: greenbullet.eps Graphic file (type eps)
 <greenbullet.eps>
File: bluebullet.eps Graphic file (type eps)

<bluebullet.eps>
File: bluebullet.eps Graphic file (type eps)
 <bluebullet.eps>
File: bluebullet.eps Graphic file (type eps)
 <bluebullet.eps>
File: bluebullet.eps Graphic file (type eps)
 <bluebullet.eps>
File: greenbullet.eps Graphic file (type eps)

<greenbullet.eps>
File: bluebullet.eps Graphic file (type eps)
 <bluebullet.eps>
File: bluebullet.eps Graphic file (type eps)
 <bluebullet.eps>
File: greenbullet.eps Graphic file (type eps)
 <greenbullet.eps>
File: bluebullet.eps Graphic file (type eps)

<bluebullet.eps>
File: bluebullet.eps Graphic file (type eps)
 <bluebullet.eps>
File: bluebullet.eps Graphic file (type eps)
 <bluebullet.eps>
File: greenbullet.eps Graphic file (type eps)
 <greenbullet.eps>
File: turkisbar.eps Graphic file (type eps)

<turkisbar.eps>
File: ldmlogo.eps Graphic file (type eps)
 <ldmlogo.eps> [16

]
File: nxdet.eps Graphic file (type eps)
 <nxdet.eps>
File: turkisbar.eps Graphic file (type eps)
 <turkisbar.eps>
File: ldmlogo.eps Graphic file (type eps)
 <ldmlogo.eps>
[17

]
File: nxtofdet.eps Graphic file (type eps)
 <nxtofdet.eps>
File: turkisbar.eps Graphic file (type eps)
 <turkisbar.eps>
File: ldmlogo.eps Graphic file (type eps)
 <ldmlogo.eps> [18

]
File: nxmoredet.eps Graphic file (type eps)
 <nxmoredet.eps>
File: turkisbar.eps Graphic file (type eps)

<turkisbar.eps>
File: ldmlogo.eps Graphic file (type eps)
 <ldmlogo.eps> [19

]
File: nxmonoinst.eps Graphic file (type eps)
 <nxmonoinst.eps>
File: turkisbar.eps Graphic file (type eps)
 <turkisbar.eps>
File: ldmlogo.eps Graphic file (type eps)

<ldmlogo.eps> [20

]
File: nxtofinst.eps Graphic file (type eps)
 <nxtofinst.eps>
File: turkisbar.eps Graphic file (type eps)
 <turkisbar.eps>
File: ldmlogo.eps Graphic file (type eps)
 <ldmlogo.eps> [21

]
File: greenbullet.eps Graphic file (type eps)

<greenbullet.eps>
File: greenbullet.eps Graphic file (type eps)
 <greenbullet.eps>
File: greenbullet.eps Graphic file (type eps)
 <greenbullet.eps>
File: greenbullet.eps Graphic file (type eps)
 <greenbullet.eps>
File: bluebullet.eps Graphic file (type eps)

<bluebullet.eps>
File: bluebullet.eps Graphic file (type eps)
 <bluebullet.eps>
File: turkisbar.eps Graphic file (type eps)
 <turkisbar.eps>
File: ldmlogo.eps Graphic file (type eps)
 <ldmlogo.eps> [22

]
(./NeXusOBJ.aux) ) 
Here is how much of TeX's memory you used:
 4472 strings out of 94500
 56924 string characters out of 1172832
 128740 words of memory out of 3500000
 7579 multiletter control sequences out of 10000+50000
 17869 words of font info for 35 fonts, out of 500000 for 2000
 580 hyphenation exceptions out of 1000
 43i,6n,44p,264b,748s stack positions out of 1500i,500n,5000p,200000b,5000s

Output written on NeXusOBJ.dvi (22 pages, 35636 bytes).
